<?xml version="1.0" encoding="UTF-8"?>
<testsuite xmlns:xsi="http://www.w3.org/2001/XMLSchema-instance" xsi:noNamespaceSchemaLocation="https://maven.apache.org/surefire/maven-surefire-plugin/xsd/surefire-test-report.xsd" name="com.itheima.TliasWebManagementApplicationTests" time="2.081" tests="4" errors="1" skipped="0" failures="0">
  <properties>
    <property name="sun.desktop" value="windows"/>
    <property name="awt.toolkit" value="sun.awt.windows.WToolkit"/>
    <property name="java.specification.version" value="11"/>
    <property name="sun.cpu.isalist" value="amd64"/>
    <property name="sun.jnu.encoding" value="GBK"/>
    <property name="java.class.path" value="D:\IdeaProject\tlias-web-management\target\test-classes;D:\IdeaProject\tlias-web-management\target\classes;E:\develop\apache-maven-3.6.1\mvn_repo\org\springframework\boot\spring-boot-starter-web\2.7.5\spring-boot-starter-web-2.7.5.jar;E:\develop\apache-maven-3.6.1\mvn_repo\org\springframework\boot\spring-boot-starter\2.7.5\spring-boot-starter-2.7.5.jar;E:\develop\apache-maven-3.6.1\mvn_repo\org\springframework\boot\spring-boot\2.7.5\spring-boot-2.7.5.jar;E:\develop\apache-maven-3.6.1\mvn_repo\org\springframework\boot\spring-boot-autoconfigure\2.7.5\spring-boot-autoconfigure-2.7.5.jar;E:\develop\apache-maven-3.6.1\mvn_repo\org\springframework\boot\spring-boot-starter-logging\2.7.5\spring-boot-starter-logging-2.7.5.jar;E:\develop\apache-maven-3.6.1\mvn_repo\ch\qos\logback\logback-classic\1.2.11\logback-classic-1.2.11.jar;E:\develop\apache-maven-3.6.1\mvn_repo\ch\qos\logback\logback-core\1.2.11\logback-core-1.2.11.jar;E:\develop\apache-maven-3.6.1\mvn_repo\org\apache\logging\log4j\log4j-to-slf4j\2.17.2\log4j-to-slf4j-2.17.2.jar;E:\develop\apache-maven-3.6.1\mvn_repo\org\apache\logging\log4j\log4j-api\2.17.2\log4j-api-2.17.2.jar;E:\develop\apache-maven-3.6.1\mvn_repo\org\slf4j\jul-to-slf4j\1.7.36\jul-to-slf4j-1.7.36.jar;E:\develop\apache-maven-3.6.1\mvn_repo\jakarta\annotation\jakarta.annotation-api\1.3.5\jakarta.annotation-api-1.3.5.jar;E:\develop\apache-maven-3.6.1\mvn_repo\org\yaml\snakeyaml\1.30\snakeyaml-1.30.jar;E:\develop\apache-maven-3.6.1\mvn_repo\org\springframework\boot\spring-boot-starter-json\2.7.5\spring-boot-starter-json-2.7.5.jar;E:\develop\apache-maven-3.6.1\mvn_repo\com\fasterxml\jackson\datatype\jackson-datatype-jdk8\2.13.4\jackson-datatype-jdk8-2.13.4.jar;E:\develop\apache-maven-3.6.1\mvn_repo\com\fasterxml\jackson\datatype\jackson-datatype-jsr310\2.13.4\jackson-datatype-jsr310-2.13.4.jar;E:\develop\apache-maven-3.6.1\mvn_repo\com\fasterxml\jackson\module\jackson-module-parameter-names\2.13.4\jackson-module-parameter-names-2.13.4.jar;E:\develop\apache-maven-3.6.1\mvn_repo\org\springframework\boot\spring-boot-starter-tomcat\2.7.5\spring-boot-starter-tomcat-2.7.5.jar;E:\develop\apache-maven-3.6.1\mvn_repo\org\apache\tomcat\embed\tomcat-embed-core\9.0.68\tomcat-embed-core-9.0.68.jar;E:\develop\apache-maven-3.6.1\mvn_repo\org\apache\tomcat\embed\tomcat-embed-el\9.0.68\tomcat-embed-el-9.0.68.jar;E:\develop\apache-maven-3.6.1\mvn_repo\org\apache\tomcat\embed\tomcat-embed-websocket\9.0.68\tomcat-embed-websocket-9.0.68.jar;E:\develop\apache-maven-3.6.1\mvn_repo\org\springframework\spring-web\5.3.23\spring-web-5.3.23.jar;E:\develop\apache-maven-3.6.1\mvn_repo\org\springframework\spring-beans\5.3.23\spring-beans-5.3.23.jar;E:\develop\apache-maven-3.6.1\mvn_repo\org\springframework\spring-webmvc\5.3.23\spring-webmvc-5.3.23.jar;E:\develop\apache-maven-3.6.1\mvn_repo\org\springframework\spring-context\5.3.23\spring-context-5.3.23.jar;E:\develop\apache-maven-3.6.1\mvn_repo\org\springframework\spring-expression\5.3.23\spring-expression-5.3.23.jar;E:\develop\apache-maven-3.6.1\mvn_repo\org\mybatis\spring\boot\mybatis-spring-boot-starter\2.2.2\mybatis-spring-boot-starter-2.2.2.jar;E:\develop\apache-maven-3.6.1\mvn_repo\org\springframework\boot\spring-boot-starter-jdbc\2.7.5\spring-boot-starter-jdbc-2.7.5.jar;E:\develop\apache-maven-3.6.1\mvn_repo\com\zaxxer\HikariCP\4.0.3\HikariCP-4.0.3.jar;E:\develop\apache-maven-3.6.1\mvn_repo\org\springframework\spring-jdbc\5.3.23\spring-jdbc-5.3.23.jar;E:\develop\apache-maven-3.6.1\mvn_repo\org\springframework\spring-tx\5.3.23\spring-tx-5.3.23.jar;E:\develop\apache-maven-3.6.1\mvn_repo\org\mybatis\spring\boot\mybatis-spring-boot-autoconfigure\2.2.2\mybatis-spring-boot-autoconfigure-2.2.2.jar;E:\develop\apache-maven-3.6.1\mvn_repo\org\mybatis\mybatis\3.5.9\mybatis-3.5.9.jar;E:\develop\apache-maven-3.6.1\mvn_repo\org\mybatis\mybatis-spring\2.0.7\mybatis-spring-2.0.7.jar;E:\develop\apache-maven-3.6.1\mvn_repo\com\mysql\mysql-connector-j\8.0.31\mysql-connector-j-8.0.31.jar;E:\develop\apache-maven-3.6.1\mvn_repo\org\projectlombok\lombok\1.18.24\lombok-1.18.24.jar;E:\develop\apache-maven-3.6.1\mvn_repo\org\springframework\boot\spring-boot-starter-test\2.7.5\spring-boot-starter-test-2.7.5.jar;E:\develop\apache-maven-3.6.1\mvn_repo\org\springframework\boot\spring-boot-test\2.7.5\spring-boot-test-2.7.5.jar;E:\develop\apache-maven-3.6.1\mvn_repo\org\springframework\boot\spring-boot-test-autoconfigure\2.7.5\spring-boot-test-autoconfigure-2.7.5.jar;E:\develop\apache-maven-3.6.1\mvn_repo\com\jayway\jsonpath\json-path\2.7.0\json-path-2.7.0.jar;E:\develop\apache-maven-3.6.1\mvn_repo\net\minidev\json-smart\2.4.8\json-smart-2.4.8.jar;E:\develop\apache-maven-3.6.1\mvn_repo\net\minidev\accessors-smart\2.4.8\accessors-smart-2.4.8.jar;E:\develop\apache-maven-3.6.1\mvn_repo\org\ow2\asm\asm\9.1\asm-9.1.jar;E:\develop\apache-maven-3.6.1\mvn_repo\org\slf4j\slf4j-api\1.7.36\slf4j-api-1.7.36.jar;E:\develop\apache-maven-3.6.1\mvn_repo\jakarta\xml\bind\jakarta.xml.bind-api\2.3.3\jakarta.xml.bind-api-2.3.3.jar;E:\develop\apache-maven-3.6.1\mvn_repo\jakarta\activation\jakarta.activation-api\1.2.2\jakarta.activation-api-1.2.2.jar;E:\develop\apache-maven-3.6.1\mvn_repo\org\assertj\assertj-core\3.22.0\assertj-core-3.22.0.jar;E:\develop\apache-maven-3.6.1\mvn_repo\org\hamcrest\hamcrest\2.2\hamcrest-2.2.jar;E:\develop\apache-maven-3.6.1\mvn_repo\org\junit\jupiter\junit-jupiter\5.8.2\junit-jupiter-5.8.2.jar;E:\develop\apache-maven-3.6.1\mvn_repo\org\junit\jupiter\junit-jupiter-api\5.8.2\junit-jupiter-api-5.8.2.jar;E:\develop\apache-maven-3.6.1\mvn_repo\org\opentest4j\opentest4j\1.2.0\opentest4j-1.2.0.jar;E:\develop\apache-maven-3.6.1\mvn_repo\org\junit\platform\junit-platform-commons\1.8.2\junit-platform-commons-1.8.2.jar;E:\develop\apache-maven-3.6.1\mvn_repo\org\apiguardian\apiguardian-api\1.1.2\apiguardian-api-1.1.2.jar;E:\develop\apache-maven-3.6.1\mvn_repo\org\junit\jupiter\junit-jupiter-params\5.8.2\junit-jupiter-params-5.8.2.jar;E:\develop\apache-maven-3.6.1\mvn_repo\org\junit\jupiter\junit-jupiter-engine\5.8.2\junit-jupiter-engine-5.8.2.jar;E:\develop\apache-maven-3.6.1\mvn_repo\org\junit\platform\junit-platform-engine\1.8.2\junit-platform-engine-1.8.2.jar;E:\develop\apache-maven-3.6.1\mvn_repo\org\mockito\mockito-core\4.5.1\mockito-core-4.5.1.jar;E:\develop\apache-maven-3.6.1\mvn_repo\net\bytebuddy\byte-buddy\1.12.18\byte-buddy-1.12.18.jar;E:\develop\apache-maven-3.6.1\mvn_repo\net\bytebuddy\byte-buddy-agent\1.12.18\byte-buddy-agent-1.12.18.jar;E:\develop\apache-maven-3.6.1\mvn_repo\org\objenesis\objenesis\3.2\objenesis-3.2.jar;E:\develop\apache-maven-3.6.1\mvn_repo\org\mockito\mockito-junit-jupiter\4.5.1\mockito-junit-jupiter-4.5.1.jar;E:\develop\apache-maven-3.6.1\mvn_repo\org\skyscreamer\jsonassert\1.5.1\jsonassert-1.5.1.jar;E:\develop\apache-maven-3.6.1\mvn_repo\com\vaadin\external\google\android-json\0.0.20131108.vaadin1\android-json-0.0.20131108.vaadin1.jar;E:\develop\apache-maven-3.6.1\mvn_repo\org\springframework\spring-core\5.3.23\spring-core-5.3.23.jar;E:\develop\apache-maven-3.6.1\mvn_repo\org\springframework\spring-jcl\5.3.23\spring-jcl-5.3.23.jar;E:\develop\apache-maven-3.6.1\mvn_repo\org\springframework\spring-test\5.3.23\spring-test-5.3.23.jar;E:\develop\apache-maven-3.6.1\mvn_repo\org\xmlunit\xmlunit-core\2.9.0\xmlunit-core-2.9.0.jar;E:\develop\apache-maven-3.6.1\mvn_repo\com\github\pagehelper\pagehelper-spring-boot-starter\1.4.2\pagehelper-spring-boot-starter-1.4.2.jar;E:\develop\apache-maven-3.6.1\mvn_repo\com\github\pagehelper\pagehelper-spring-boot-autoconfigure\1.4.2\pagehelper-spring-boot-autoconfigure-1.4.2.jar;E:\develop\apache-maven-3.6.1\mvn_repo\com\github\pagehelper\pagehelper\5.3.0\pagehelper-5.3.0.jar;E:\develop\apache-maven-3.6.1\mvn_repo\com\github\jsqlparser\jsqlparser\4.2\jsqlparser-4.2.jar;E:\develop\apache-maven-3.6.1\mvn_repo\com\aliyun\oss\aliyun-sdk-oss\3.15.1\aliyun-sdk-oss-3.15.1.jar;E:\develop\apache-maven-3.6.1\mvn_repo\org\apache\httpcomponents\httpclient\4.5.13\httpclient-4.5.13.jar;E:\develop\apache-maven-3.6.1\mvn_repo\org\apache\httpcomponents\httpcore\4.4.15\httpcore-4.4.15.jar;E:\develop\apache-maven-3.6.1\mvn_repo\commons-codec\commons-codec\1.15\commons-codec-1.15.jar;E:\develop\apache-maven-3.6.1\mvn_repo\org\jdom\jdom2\2.0.6.1\jdom2-2.0.6.1.jar;E:\develop\apache-maven-3.6.1\mvn_repo\org\codehaus\jettison\jettison\1.1\jettison-1.1.jar;E:\develop\apache-maven-3.6.1\mvn_repo\stax\stax-api\1.0.1\stax-api-1.0.1.jar;E:\develop\apache-maven-3.6.1\mvn_repo\com\aliyun\aliyun-java-sdk-core\4.5.10\aliyun-java-sdk-core-4.5.10.jar;E:\develop\apache-maven-3.6.1\mvn_repo\com\google\code\gson\gson\2.9.1\gson-2.9.1.jar;E:\develop\apache-maven-3.6.1\mvn_repo\commons-logging\commons-logging\1.2\commons-logging-1.2.jar;E:\develop\apache-maven-3.6.1\mvn_repo\org\jacoco\org.jacoco.agent\0.8.5\org.jacoco.agent-0.8.5-runtime.jar;E:\develop\apache-maven-3.6.1\mvn_repo\org\ini4j\ini4j\0.5.4\ini4j-0.5.4.jar;E:\develop\apache-maven-3.6.1\mvn_repo\io\opentracing\opentracing-api\0.33.0\opentracing-api-0.33.0.jar;E:\develop\apache-maven-3.6.1\mvn_repo\io\opentracing\opentracing-util\0.33.0\opentracing-util-0.33.0.jar;E:\develop\apache-maven-3.6.1\mvn_repo\io\opentracing\opentracing-noop\0.33.0\opentracing-noop-0.33.0.jar;E:\develop\apache-maven-3.6.1\mvn_repo\com\aliyun\aliyun-java-sdk-ram\3.1.0\aliyun-java-sdk-ram-3.1.0.jar;E:\develop\apache-maven-3.6.1\mvn_repo\com\aliyun\aliyun-java-sdk-kms\2.11.0\aliyun-java-sdk-kms-2.11.0.jar;E:\develop\apache-maven-3.6.1\mvn_repo\javax\xml\bind\jaxb-api\2.3.1\jaxb-api-2.3.1.jar;E:\develop\apache-maven-3.6.1\mvn_repo\javax\activation\javax.activation-api\1.2.0\javax.activation-api-1.2.0.jar;E:\develop\apache-maven-3.6.1\mvn_repo\javax\activation\activation\1.1.1\activation-1.1.1.jar;E:\develop\apache-maven-3.6.1\mvn_repo\org\glassfish\jaxb\jaxb-runtime\2.3.3\jaxb-runtime-2.3.3.jar;E:\develop\apache-maven-3.6.1\mvn_repo\org\glassfish\jaxb\txw2\2.3.7\txw2-2.3.7.jar;E:\develop\apache-maven-3.6.1\mvn_repo\com\sun\istack\istack-commons-runtime\3.0.11\istack-commons-runtime-3.0.11.jar;E:\develop\apache-maven-3.6.1\mvn_repo\com\sun\activation\jakarta.activation\1.2.2\jakarta.activation-1.2.2.jar;E:\develop\apache-maven-3.6.1\mvn_repo\io\jsonwebtoken\jjwt\0.9.1\jjwt-0.9.1.jar;E:\develop\apache-maven-3.6.1\mvn_repo\com\fasterxml\jackson\core\jackson-databind\2.13.4.2\jackson-databind-2.13.4.2.jar;E:\develop\apache-maven-3.6.1\mvn_repo\com\fasterxml\jackson\core\jackson-annotations\2.13.4\jackson-annotations-2.13.4.jar;E:\develop\apache-maven-3.6.1\mvn_repo\com\fasterxml\jackson\core\jackson-core\2.13.4\jackson-core-2.13.4.jar;E:\develop\apache-maven-3.6.1\mvn_repo\com\alibaba\fastjson\1.2.76\fastjson-1.2.76.jar;E:\develop\apache-maven-3.6.1\mvn_repo\org\springframework\boot\spring-boot-starter-aop\2.7.5\spring-boot-starter-aop-2.7.5.jar;E:\develop\apache-maven-3.6.1\mvn_repo\org\springframework\spring-aop\5.3.23\spring-aop-5.3.23.jar;E:\develop\apache-maven-3.6.1\mvn_repo\org\aspectj\aspectjweaver\1.9.7\aspectjweaver-1.9.7.jar;"/>
    <property name="java.vm.vendor" value="Oracle Corporation"/>
    <property name="sun.arch.data.model" value="64"/>
    <property name="user.variant" value=""/>
    <property name="java.vendor.url" value="https://openjdk.java.net/"/>
    <property name="user.timezone" value="Asia/Shanghai"/>
    <property name="java.vm.specification.version" value="11"/>
    <property name="os.name" value="Windows 10"/>
    <property name="sun.java.launcher" value="SUN_STANDARD"/>
    <property name="user.country" value="CN"/>
    <property name="sun.boot.library.path" value="C:\Program Files\Java\jdk-11.0.15.1\bin"/>
    <property name="sun.java.command" value="C:\Users\85781\AppData\Local\Temp\surefire12697019551995163335\surefirebooter9678210455039253846.jar C:\Users\85781\AppData\Local\Temp\surefire12697019551995163335 2023-04-25T11-29-04_569-jvmRun1 surefire9939168191020638447tmp surefire_01775731410645342761tmp"/>
    <property name="jdk.debug" value="release"/>
    <property name="surefire.test.class.path" value="D:\IdeaProject\tlias-web-management\target\test-classes;D:\IdeaProject\tlias-web-management\target\classes;E:\develop\apache-maven-3.6.1\mvn_repo\org\springframework\boot\spring-boot-starter-web\2.7.5\spring-boot-starter-web-2.7.5.jar;E:\develop\apache-maven-3.6.1\mvn_repo\org\springframework\boot\spring-boot-starter\2.7.5\spring-boot-starter-2.7.5.jar;E:\develop\apache-maven-3.6.1\mvn_repo\org\springframework\boot\spring-boot\2.7.5\spring-boot-2.7.5.jar;E:\develop\apache-maven-3.6.1\mvn_repo\org\springframework\boot\spring-boot-autoconfigure\2.7.5\spring-boot-autoconfigure-2.7.5.jar;E:\develop\apache-maven-3.6.1\mvn_repo\org\springframework\boot\spring-boot-starter-logging\2.7.5\spring-boot-starter-logging-2.7.5.jar;E:\develop\apache-maven-3.6.1\mvn_repo\ch\qos\logback\logback-classic\1.2.11\logback-classic-1.2.11.jar;E:\develop\apache-maven-3.6.1\mvn_repo\ch\qos\logback\logback-core\1.2.11\logback-core-1.2.11.jar;E:\develop\apache-maven-3.6.1\mvn_repo\org\apache\logging\log4j\log4j-to-slf4j\2.17.2\log4j-to-slf4j-2.17.2.jar;E:\develop\apache-maven-3.6.1\mvn_repo\org\apache\logging\log4j\log4j-api\2.17.2\log4j-api-2.17.2.jar;E:\develop\apache-maven-3.6.1\mvn_repo\org\slf4j\jul-to-slf4j\1.7.36\jul-to-slf4j-1.7.36.jar;E:\develop\apache-maven-3.6.1\mvn_repo\jakarta\annotation\jakarta.annotation-api\1.3.5\jakarta.annotation-api-1.3.5.jar;E:\develop\apache-maven-3.6.1\mvn_repo\org\yaml\snakeyaml\1.30\snakeyaml-1.30.jar;E:\develop\apache-maven-3.6.1\mvn_repo\org\springframework\boot\spring-boot-starter-json\2.7.5\spring-boot-starter-json-2.7.5.jar;E:\develop\apache-maven-3.6.1\mvn_repo\com\fasterxml\jackson\datatype\jackson-datatype-jdk8\2.13.4\jackson-datatype-jdk8-2.13.4.jar;E:\develop\apache-maven-3.6.1\mvn_repo\com\fasterxml\jackson\datatype\jackson-datatype-jsr310\2.13.4\jackson-datatype-jsr310-2.13.4.jar;E:\develop\apache-maven-3.6.1\mvn_repo\com\fasterxml\jackson\module\jackson-module-parameter-names\2.13.4\jackson-module-parameter-names-2.13.4.jar;E:\develop\apache-maven-3.6.1\mvn_repo\org\springframework\boot\spring-boot-starter-tomcat\2.7.5\spring-boot-starter-tomcat-2.7.5.jar;E:\develop\apache-maven-3.6.1\mvn_repo\org\apache\tomcat\embed\tomcat-embed-core\9.0.68\tomcat-embed-core-9.0.68.jar;E:\develop\apache-maven-3.6.1\mvn_repo\org\apache\tomcat\embed\tomcat-embed-el\9.0.68\tomcat-embed-el-9.0.68.jar;E:\develop\apache-maven-3.6.1\mvn_repo\org\apache\tomcat\embed\tomcat-embed-websocket\9.0.68\tomcat-embed-websocket-9.0.68.jar;E:\develop\apache-maven-3.6.1\mvn_repo\org\springframework\spring-web\5.3.23\spring-web-5.3.23.jar;E:\develop\apache-maven-3.6.1\mvn_repo\org\springframework\spring-beans\5.3.23\spring-beans-5.3.23.jar;E:\develop\apache-maven-3.6.1\mvn_repo\org\springframework\spring-webmvc\5.3.23\spring-webmvc-5.3.23.jar;E:\develop\apache-maven-3.6.1\mvn_repo\org\springframework\spring-context\5.3.23\spring-context-5.3.23.jar;E:\develop\apache-maven-3.6.1\mvn_repo\org\springframework\spring-expression\5.3.23\spring-expression-5.3.23.jar;E:\develop\apache-maven-3.6.1\mvn_repo\org\mybatis\spring\boot\mybatis-spring-boot-starter\2.2.2\mybatis-spring-boot-starter-2.2.2.jar;E:\develop\apache-maven-3.6.1\mvn_repo\org\springframework\boot\spring-boot-starter-jdbc\2.7.5\spring-boot-starter-jdbc-2.7.5.jar;E:\develop\apache-maven-3.6.1\mvn_repo\com\zaxxer\HikariCP\4.0.3\HikariCP-4.0.3.jar;E:\develop\apache-maven-3.6.1\mvn_repo\org\springframework\spring-jdbc\5.3.23\spring-jdbc-5.3.23.jar;E:\develop\apache-maven-3.6.1\mvn_repo\org\springframework\spring-tx\5.3.23\spring-tx-5.3.23.jar;E:\develop\apache-maven-3.6.1\mvn_repo\org\mybatis\spring\boot\mybatis-spring-boot-autoconfigure\2.2.2\mybatis-spring-boot-autoconfigure-2.2.2.jar;E:\develop\apache-maven-3.6.1\mvn_repo\org\mybatis\mybatis\3.5.9\mybatis-3.5.9.jar;E:\develop\apache-maven-3.6.1\mvn_repo\org\mybatis\mybatis-spring\2.0.7\mybatis-spring-2.0.7.jar;E:\develop\apache-maven-3.6.1\mvn_repo\com\mysql\mysql-connector-j\8.0.31\mysql-connector-j-8.0.31.jar;E:\develop\apache-maven-3.6.1\mvn_repo\org\projectlombok\lombok\1.18.24\lombok-1.18.24.jar;E:\develop\apache-maven-3.6.1\mvn_repo\org\springframework\boot\spring-boot-starter-test\2.7.5\spring-boot-starter-test-2.7.5.jar;E:\develop\apache-maven-3.6.1\mvn_repo\org\springframework\boot\spring-boot-test\2.7.5\spring-boot-test-2.7.5.jar;E:\develop\apache-maven-3.6.1\mvn_repo\org\springframework\boot\spring-boot-test-autoconfigure\2.7.5\spring-boot-test-autoconfigure-2.7.5.jar;E:\develop\apache-maven-3.6.1\mvn_repo\com\jayway\jsonpath\json-path\2.7.0\json-path-2.7.0.jar;E:\develop\apache-maven-3.6.1\mvn_repo\net\minidev\json-smart\2.4.8\json-smart-2.4.8.jar;E:\develop\apache-maven-3.6.1\mvn_repo\net\minidev\accessors-smart\2.4.8\accessors-smart-2.4.8.jar;E:\develop\apache-maven-3.6.1\mvn_repo\org\ow2\asm\asm\9.1\asm-9.1.jar;E:\develop\apache-maven-3.6.1\mvn_repo\org\slf4j\slf4j-api\1.7.36\slf4j-api-1.7.36.jar;E:\develop\apache-maven-3.6.1\mvn_repo\jakarta\xml\bind\jakarta.xml.bind-api\2.3.3\jakarta.xml.bind-api-2.3.3.jar;E:\develop\apache-maven-3.6.1\mvn_repo\jakarta\activation\jakarta.activation-api\1.2.2\jakarta.activation-api-1.2.2.jar;E:\develop\apache-maven-3.6.1\mvn_repo\org\assertj\assertj-core\3.22.0\assertj-core-3.22.0.jar;E:\develop\apache-maven-3.6.1\mvn_repo\org\hamcrest\hamcrest\2.2\hamcrest-2.2.jar;E:\develop\apache-maven-3.6.1\mvn_repo\org\junit\jupiter\junit-jupiter\5.8.2\junit-jupiter-5.8.2.jar;E:\develop\apache-maven-3.6.1\mvn_repo\org\junit\jupiter\junit-jupiter-api\5.8.2\junit-jupiter-api-5.8.2.jar;E:\develop\apache-maven-3.6.1\mvn_repo\org\opentest4j\opentest4j\1.2.0\opentest4j-1.2.0.jar;E:\develop\apache-maven-3.6.1\mvn_repo\org\junit\platform\junit-platform-commons\1.8.2\junit-platform-commons-1.8.2.jar;E:\develop\apache-maven-3.6.1\mvn_repo\org\apiguardian\apiguardian-api\1.1.2\apiguardian-api-1.1.2.jar;E:\develop\apache-maven-3.6.1\mvn_repo\org\junit\jupiter\junit-jupiter-params\5.8.2\junit-jupiter-params-5.8.2.jar;E:\develop\apache-maven-3.6.1\mvn_repo\org\junit\jupiter\junit-jupiter-engine\5.8.2\junit-jupiter-engine-5.8.2.jar;E:\develop\apache-maven-3.6.1\mvn_repo\org\junit\platform\junit-platform-engine\1.8.2\junit-platform-engine-1.8.2.jar;E:\develop\apache-maven-3.6.1\mvn_repo\org\mockito\mockito-core\4.5.1\mockito-core-4.5.1.jar;E:\develop\apache-maven-3.6.1\mvn_repo\net\bytebuddy\byte-buddy\1.12.18\byte-buddy-1.12.18.jar;E:\develop\apache-maven-3.6.1\mvn_repo\net\bytebuddy\byte-buddy-agent\1.12.18\byte-buddy-agent-1.12.18.jar;E:\develop\apache-maven-3.6.1\mvn_repo\org\objenesis\objenesis\3.2\objenesis-3.2.jar;E:\develop\apache-maven-3.6.1\mvn_repo\org\mockito\mockito-junit-jupiter\4.5.1\mockito-junit-jupiter-4.5.1.jar;E:\develop\apache-maven-3.6.1\mvn_repo\org\skyscreamer\jsonassert\1.5.1\jsonassert-1.5.1.jar;E:\develop\apache-maven-3.6.1\mvn_repo\com\vaadin\external\google\android-json\0.0.20131108.vaadin1\android-json-0.0.20131108.vaadin1.jar;E:\develop\apache-maven-3.6.1\mvn_repo\org\springframework\spring-core\5.3.23\spring-core-5.3.23.jar;E:\develop\apache-maven-3.6.1\mvn_repo\org\springframework\spring-jcl\5.3.23\spring-jcl-5.3.23.jar;E:\develop\apache-maven-3.6.1\mvn_repo\org\springframework\spring-test\5.3.23\spring-test-5.3.23.jar;E:\develop\apache-maven-3.6.1\mvn_repo\org\xmlunit\xmlunit-core\2.9.0\xmlunit-core-2.9.0.jar;E:\develop\apache-maven-3.6.1\mvn_repo\com\github\pagehelper\pagehelper-spring-boot-starter\1.4.2\pagehelper-spring-boot-starter-1.4.2.jar;E:\develop\apache-maven-3.6.1\mvn_repo\com\github\pagehelper\pagehelper-spring-boot-autoconfigure\1.4.2\pagehelper-spring-boot-autoconfigure-1.4.2.jar;E:\develop\apache-maven-3.6.1\mvn_repo\com\github\pagehelper\pagehelper\5.3.0\pagehelper-5.3.0.jar;E:\develop\apache-maven-3.6.1\mvn_repo\com\github\jsqlparser\jsqlparser\4.2\jsqlparser-4.2.jar;E:\develop\apache-maven-3.6.1\mvn_repo\com\aliyun\oss\aliyun-sdk-oss\3.15.1\aliyun-sdk-oss-3.15.1.jar;E:\develop\apache-maven-3.6.1\mvn_repo\org\apache\httpcomponents\httpclient\4.5.13\httpclient-4.5.13.jar;E:\develop\apache-maven-3.6.1\mvn_repo\org\apache\httpcomponents\httpcore\4.4.15\httpcore-4.4.15.jar;E:\develop\apache-maven-3.6.1\mvn_repo\commons-codec\commons-codec\1.15\commons-codec-1.15.jar;E:\develop\apache-maven-3.6.1\mvn_repo\org\jdom\jdom2\2.0.6.1\jdom2-2.0.6.1.jar;E:\develop\apache-maven-3.6.1\mvn_repo\org\codehaus\jettison\jettison\1.1\jettison-1.1.jar;E:\develop\apache-maven-3.6.1\mvn_repo\stax\stax-api\1.0.1\stax-api-1.0.1.jar;E:\develop\apache-maven-3.6.1\mvn_repo\com\aliyun\aliyun-java-sdk-core\4.5.10\aliyun-java-sdk-core-4.5.10.jar;E:\develop\apache-maven-3.6.1\mvn_repo\com\google\code\gson\gson\2.9.1\gson-2.9.1.jar;E:\develop\apache-maven-3.6.1\mvn_repo\commons-logging\commons-logging\1.2\commons-logging-1.2.jar;E:\develop\apache-maven-3.6.1\mvn_repo\org\jacoco\org.jacoco.agent\0.8.5\org.jacoco.agent-0.8.5-runtime.jar;E:\develop\apache-maven-3.6.1\mvn_repo\org\ini4j\ini4j\0.5.4\ini4j-0.5.4.jar;E:\develop\apache-maven-3.6.1\mvn_repo\io\opentracing\opentracing-api\0.33.0\opentracing-api-0.33.0.jar;E:\develop\apache-maven-3.6.1\mvn_repo\io\opentracing\opentracing-util\0.33.0\opentracing-util-0.33.0.jar;E:\develop\apache-maven-3.6.1\mvn_repo\io\opentracing\opentracing-noop\0.33.0\opentracing-noop-0.33.0.jar;E:\develop\apache-maven-3.6.1\mvn_repo\com\aliyun\aliyun-java-sdk-ram\3.1.0\aliyun-java-sdk-ram-3.1.0.jar;E:\develop\apache-maven-3.6.1\mvn_repo\com\aliyun\aliyun-java-sdk-kms\2.11.0\aliyun-java-sdk-kms-2.11.0.jar;E:\develop\apache-maven-3.6.1\mvn_repo\javax\xml\bind\jaxb-api\2.3.1\jaxb-api-2.3.1.jar;E:\develop\apache-maven-3.6.1\mvn_repo\javax\activation\javax.activation-api\1.2.0\javax.activation-api-1.2.0.jar;E:\develop\apache-maven-3.6.1\mvn_repo\javax\activation\activation\1.1.1\activation-1.1.1.jar;E:\develop\apache-maven-3.6.1\mvn_repo\org\glassfish\jaxb\jaxb-runtime\2.3.3\jaxb-runtime-2.3.3.jar;E:\develop\apache-maven-3.6.1\mvn_repo\org\glassfish\jaxb\txw2\2.3.7\txw2-2.3.7.jar;E:\develop\apache-maven-3.6.1\mvn_repo\com\sun\istack\istack-commons-runtime\3.0.11\istack-commons-runtime-3.0.11.jar;E:\develop\apache-maven-3.6.1\mvn_repo\com\sun\activation\jakarta.activation\1.2.2\jakarta.activation-1.2.2.jar;E:\develop\apache-maven-3.6.1\mvn_repo\io\jsonwebtoken\jjwt\0.9.1\jjwt-0.9.1.jar;E:\develop\apache-maven-3.6.1\mvn_repo\com\fasterxml\jackson\core\jackson-databind\2.13.4.2\jackson-databind-2.13.4.2.jar;E:\develop\apache-maven-3.6.1\mvn_repo\com\fasterxml\jackson\core\jackson-annotations\2.13.4\jackson-annotations-2.13.4.jar;E:\develop\apache-maven-3.6.1\mvn_repo\com\fasterxml\jackson\core\jackson-core\2.13.4\jackson-core-2.13.4.jar;E:\develop\apache-maven-3.6.1\mvn_repo\com\alibaba\fastjson\1.2.76\fastjson-1.2.76.jar;E:\develop\apache-maven-3.6.1\mvn_repo\org\springframework\boot\spring-boot-starter-aop\2.7.5\spring-boot-starter-aop-2.7.5.jar;E:\develop\apache-maven-3.6.1\mvn_repo\org\springframework\spring-aop\5.3.23\spring-aop-5.3.23.jar;E:\develop\apache-maven-3.6.1\mvn_repo\org\aspectj\aspectjweaver\1.9.7\aspectjweaver-1.9.7.jar;"/>
    <property name="sun.cpu.endian" value="little"/>
    <property name="user.home" value="C:\Users\85781"/>
    <property name="user.language" value="zh"/>
    <property name="java.specification.vendor" value="Oracle Corporation"/>
    <property name="java.version.date" value="2022-04-22"/>
    <property name="java.home" value="C:\Program Files\Java\jdk-11.0.15.1"/>
    <property name="file.separator" value="\"/>
    <property name="basedir" value="D:\IdeaProject\tlias-web-management"/>
    <property name="java.vm.compressedOopsMode" value="Zero based"/>
    <property name="line.separator" value="&#10;"/>
    <property name="java.specification.name" value="Java Platform API Specification"/>
    <property name="java.vm.specification.vendor" value="Oracle Corporation"/>
    <property name="java.awt.graphicsenv" value="sun.awt.Win32GraphicsEnvironment"/>
    <property name="surefire.real.class.path" value="C:\Users\85781\AppData\Local\Temp\surefire12697019551995163335\surefirebooter9678210455039253846.jar"/>
    <property name="user.script" value=""/>
    <property name="sun.management.compiler" value="HotSpot 64-Bit Tiered Compilers"/>
    <property name="java.runtime.version" value="11.0.15.1+2-LTS-10"/>
    <property name="user.name" value="85781"/>
    <property name="path.separator" value=";"/>
    <property name="os.version" value="10.0"/>
    <property name="java.runtime.name" value="Java(TM) SE Runtime Environment"/>
    <property name="file.encoding" value="GBK"/>
    <property name="java.vm.name" value="Java HotSpot(TM) 64-Bit Server VM"/>
    <property name="java.vendor.version" value="18.9"/>
    <property name="localRepository" value="E:\develop\apache-maven-3.6.1\mvn_repo"/>
    <property name="java.vendor.url.bug" value="https://bugreport.java.com/bugreport/"/>
    <property name="java.io.tmpdir" value="C:\Users\85781\AppData\Local\Temp\"/>
    <property name="idea.version" value="2022.3.3"/>
    <property name="java.version" value="11.0.15.1"/>
    <property name="user.dir" value="D:\IdeaProject\tlias-web-management"/>
    <property name="os.arch" value="amd64"/>
    <property name="java.vm.specification.name" value="Java Virtual Machine Specification"/>
    <property name="java.awt.printerjob" value="sun.awt.windows.WPrinterJob"/>
    <property name="sun.os.patch.level" value=""/>
    <property name="java.library.path" value="C:\Program Files\Java\jdk-11.0.15.1\bin;C:\WINDOWS\Sun\Java\bin;C:\WINDOWS\system32;C:\WINDOWS;C:\Program Files\Java\jdk-11.0.15.1\bin;C:\Program Files\Java\jdk-11.0.15.1\jre\bin;E:\develop\apache-maven-3.6.1\bin;C:\Windows\system32;C:\Windows;C:\Windows\System32\Wbem;C:\Windows\System32\WindowsPowerShell\v1.0\;C:\Windows\System32\OpenSSH\;C:\Program Files (x86)\NVIDIA Corporation\PhysX\Common;C:\Program Files\NVIDIA Corporation\NVIDIA NvDLISR;C:\WINDOWS\system32;C:\WINDOWS;C:\WINDOWS\System32\Wbem;C:\WINDOWS\System32\WindowsPowerShell\v1.0\;C:\WINDOWS\System32\OpenSSH\;C:\WINDOWS\system32;C:\WINDOWS;C:\WINDOWS\System32\Wbem;C:\WINDOWS\System32\WindowsPowerShell\v1.0\;C:\WINDOWS\System32\OpenSSH\;C:\Program Files\OpenSSH\bin;C:\Program Files\MySQL\MySQL Server 8.0\bin;D:\新建文件夹 (2)\;C:\Program Files\MySQL\MySQL Shell 8.0\bin\;C:\Users\85781\AppData\Local\Microsoft\WindowsApps;C:\Program Files\Bandizip\;C:\Program Files\JetBrains\IntelliJ IDEA 2021.2.2\bin;;E:\PyCharm Community Edition 2020.2.3\bin;D:\texlive\2022\bin\win32;."/>
    <property name="java.vendor" value="Oracle Corporation"/>
    <property name="java.vm.info" value="mixed mode"/>
    <property name="java.vm.version" value="11.0.15.1+2-LTS-10"/>
    <property name="sun.io.unicode.encoding" value="UnicodeLittle"/>
    <property name="java.class.version" value="55.0"/>
  </properties>
  <testcase name="testUuid" classname="com.itheima.TliasWebManagementApplicationTests" time="1.657"/>
  <testcase name="contextLoads" classname="com.itheima.TliasWebManagementApplicationTests" time="0"/>
  <testcase name="testGenJwt" classname="com.itheima.TliasWebManagementApplicationTests" time="0.369"/>
  <testcase name="testParseJwt" classname="com.itheima.TliasWebManagementApplicationTests" time="0.043">
    <error message="JWT expired at 2023-03-29T21:13:17Z. Current time: 2023-04-25T11:29:17Z, a difference of 2297760636 milliseconds.  Allowed clock skew: 0 milliseconds." type="io.jsonwebtoken.ExpiredJwtException">io.jsonwebtoken.ExpiredJwtException: JWT expired at 2023-03-29T21:13:17Z. Current time: 2023-04-25T11:29:17Z, a difference of 2297760636 milliseconds.  Allowed clock skew: 0 milliseconds.
	at com.itheima.TliasWebManagementApplicationTests.testParseJwt(TliasWebManagementApplicationTests.java:61)
</error>
  </testcase>
</testsuite>